97 97 98 
97 98 99 
97 99 99 
find [(0, 0)] to (2, 1)
nextPoints = [(1, 0), (0, 1)]
find [(0, 0), (1, 0)] to (2, 1)
nextPoints = [(2, 0), (1, 1)]
find [(0, 0), (1, 0), (2, 0)] to (2, 1)
nextPoints = [(2, 1)]
find [(0, 0), (1, 0), (2, 0), (2, 1)] to (2, 1)
path found, size 4
find [(0, 0), (1, 0), (1, 1)] to (2, 1)
nextPoints = [(0, 1), (2, 1), (1, 2)]
find [(0, 0), (1, 0), (1, 1), (0, 1)] to (2, 1)
nextPoints = [(0, 2)]
find [(0, 0), (1, 0), (1, 1), (0, 1), (0, 2)] to (2, 1)
nextPoints = []
find [(0, 0), (1, 0), (1, 1), (2, 1)] to (2, 1)
path found, size 4
find [(0, 0), (1, 0), (1, 1), (1, 2)] to (2, 1)
nextPoints = [(0, 2), (2, 2)]
find [(0, 0), (1, 0), (1, 1), (1, 2), (0, 2)] to (2, 1)
nextPoints = [(0, 1)]
find [(0, 0), (1, 0), (1, 1), (1, 2), (0, 2), (0, 1)] to (2, 1)
nextPoints = []
find [(0, 0), (1, 0), (1, 1), (1, 2), (2, 2)] to (2, 1)
nextPoints = [(2, 1)]
find [(0, 0), (1, 0), (1, 1), (1, 2), (2, 2), (2, 1)] to (2, 1)
path found, size 6
find [(0, 0), (0, 1)] to (2, 1)
nextPoints = [(1, 1), (0, 2)]
find [(0, 0), (0, 1), (1, 1)] to (2, 1)
nextPoints = [(2, 1), (1, 0), (1, 2)]
find [(0, 0), (0, 1), (1, 1), (2, 1)] to (2, 1)
path found, size 4
find [(0, 0), (0, 1), (1, 1), (1, 0)] to (2, 1)
nextPoints = [(2, 0)]
find [(0, 0), (0, 1), (1, 1), (1, 0), (2, 0)] to (2, 1)
nextPoints = [(2, 1)]
find [(0, 0), (0, 1), (1, 1), (1, 0), (2, 0), (2, 1)] to (2, 1)
path found, size 6
find [(0, 0), (0, 1), (1, 1), (1, 2)] to (2, 1)
nextPoints = [(0, 2), (2, 2)]
find [(0, 0), (0, 1), (1, 1), (1, 2), (0, 2)] to (2, 1)
nextPoints = []
find [(0, 0), (0, 1), (1, 1), (1, 2), (2, 2)] to (2, 1)
nextPoints = [(2, 1)]
find [(0, 0), (0, 1), (1, 1), (1, 2), (2, 2), (2, 1)] to (2, 1)
path found, size 6
find [(0, 0), (0, 1), (0, 2)] to (2, 1)
nextPoints = []
