924
924
966
1008
1050
1092
1134
1176
1218
1260
1302
1344
560
547
560
571
573
602
599
578
644
644
625
604
646
686
686
712
712
651
630
672
714
728
728
754
754
780
677
656
698
740
782
770
770
796
796
822
848
703
682
724
766
808
850
812
812
838
838
864
890
916
729
708
750
792
834
876
918
854
854
880
880
906
932
958
984
755
734
776
818
860
902
944
986
896
896
922
922
948
974
1000
1026
1052
781
760
802
844
886
928
970
1012
1054
938
938
964
964
990
1016
1042
1068
1094
1120
807
786
828
870
912
954
996
1038
1080
1122
980
980
1006
1006
1032
1058
1084
1110
1136
1162
1188
833
812
854
896
938
980
1022
1064
1106
1148
1190
1022
1022
1048
1048
1074
1100
1126
1152
1178
1204
1230
1256
859
838
880
922
964
1006
1048
1090
1132
1174
1216
1258
1064
1064
1090
1090
1116
1142
1168
1194
1220
1246
1272
1298
1324
885
864
906
948
990
1032
1074
1116
1158
1200
1242
1284
1326
638
638
682
726
770
814
858
902
946
990
1034
1078
1122
854
854
896
938
980
1022
1064
1106
1148
1190
1232
520
507
520
531
533
562
559
538
604
604
585
564
606
646
646
672
672
611
590
632
674
688
688
714
714
740
637
616
658
700
742
730
730
756
756
782
808
663
642
684
726
768
810
772
772
798
798
824
850
876
689
668
710
752
794
836
878
814
814
840
840
866
892
918
944
715
694
736
778
820
862
904
946
856
856
882
882
908
934
960
986
1012
741
720
762
804
846
888
930
972
1014
898
898
924
924
950
976
1002
1028
1054
1080
767
746
788
830
872
914
956
998
1040
1082
940
940
966
966
992
1018
1044
1070
1096
1122
1148
793
772
814
856
898
940
982
1024
1066
1108
1150
982
982
1008
1008
1034
1060
1086
1112
1138
1164
1190
1216
819
798
840
882
924
966
1008
1050
1092
1134
1176
1218
592
592
636
680
724
768
812
856
900
944
988
1032
784
784
826
868
910
952
994
1036
1078
1120
480
467
480
491
493
522
519
498
564
564
545
524
566
606
606
632
632
571
550
592
634
648
648
674
674
700
597
576
618
660
702
690
690
716
716
742
768
623
602
644
686
728
770
732
732
758
758
784
810
836
649
628
670
712
754
796
838
774
774
800
800
826
852
878
904
675
654
696
738
780
822
864
906
816
816
842
842
868
894
920
946
972
701
680
722
764
806
848
890
932
974
858
858
884
884
910
936
962
988
1014
1040
727
706
748
790
832
874
916
958
1000
1042
900
900
926
926
952
978
1004
1030
1056
1082
1108
753
732
774
816
858
900
942
984
1026
1068
1110
546
546
590
634
678
722
766
810
854
898
942
714
714
756
798
840
882
924
966
1008
440
427
440
451
453
482
479
458
524
524
505
484
526
566
566
592
592
531
510
552
594
608
608
634
634
660
557
536
578
620
662
650
650
676
676
702
728
583
562
604
646
688
730
692
692
718
718
744
770
796
609
588
630
672
714
756
798
734
734
760
760
786
812
838
864
635
614
656
698
740
782
824
866
776
776
802
802
828
854
880
906
932
661
640
682
724
766
808
850
892
934
818
818
844
844
870
896
922
948
974
1000
687
666
708
750
792
834
876
918
960
1002
500
500
544
588
632
676
720
764
808
852
644
644
686
728
770
812
854
896
400
387
400
411
413
442
439
418
484
484
465
444
486
526
526
552
552
491
470
512
554
568
568
594
594
620
517
496
538
580
622
610
610
636
636
662
688
543
522
564
606
648
690
652
652
678
678
704
730
756
569
548
590
632
674
716
758
694
694
720
720
746
772
798
824
595
574
616
658
700
742
784
826
736
736
762
762
788
814
840
866
892
621
600
642
684
726
768
810
852
894
454
454
498
542
586
630
674
718
762
574
574
616
658
700
742
784
360
347
360
371
373
402
399
378
444
444
425
404
446
486
486
512
512
451
430
472
514
528
528
554
554
580
477
456
498
540
582
570
570
596
596
622
648
503
482
524
566
608
650
612
612
638
638
664
690
716
529
508
550
592
634
676
718
654
654
680
680
706
732
758
784
555
534
576
618
660
702
744
786
408
408
452
496
540
584
628
672
504
504
546
588
630
672
320
307
320
331
333
362
359
338
404
404
385
364
406
446
446
472
472
411
390
432
474
488
488
514
514
540
437
416
458
500
542
530
530
556
556
582
608
463
442
484
526
568
610
572
572
598
598
624
650
676
489
468
510
552
594
636
678
362
362
406
450
494
538
582
434
434
476
518
560
280
267
280
291
293
322
319
298
364
364
345
324
366
406
406
432
432
371
350
392
434
448
448
474
474
500
397
376
418
460
502
490
490
516
516
542
568
423
402
444
486
528
570
316
316
360
404
448
492
364
364
406
448
240
227
240
251
253
282
279
258
324
324
305
284
326
366
366
392
392
331
310
352
394
408
408
434
434
460
357
336
378
420
462
270
270
314
358
402
294
294
336
200
187
200
211
213
242
239
218
284
284
265
244
286
326
326
352
352
291
270
312
354
224
224
268
312
224
224
160
147
160
171
173
202
199
178
244
244
225
204
246
178
178
222
154
120
107
120
131
133
162
159
138
132
132
84
80
67
80
91
93
86
40
40
27
40
0
0
-21
0
21
26
6
26
43
63
50
56
70
72
69
32
52
52
123
125
122
85
105
92
116
118
126
126
138
117
141
96
98
95
58
78
78
120
196
207
207
210
165
167
164
127
147
134
158
160
168
186
186
196
196
202
204
183
225
213
191
164
143
167
122
124
121
84
104
104
146
188
188
308
289
289
315
315
298
276
238
249
249
252
207
209
206
169
189
176
200
202
210
228
228
280
277
294
294
294
254
254
266
266
308
278
278
270
249
291
333
285
263
307
230
209
251
239
217
190
169
193
148
150
147
110
130
130
172
214
214
296
296
296
256
256
420
371
371
397
397
423
386
364
408
350
331
331
357
357
340
318
280
291
291
294
249
251
248
211
231
218
242
244
252
270
270
322
319
336
336
336
296
296
392
395
402
408
362
362
362
322
322
336
336
378
420
354
354
398
336
315
357
399
441
357
335
379
423
296
275
317
359
311
289
333
256
235
277
265
243
216
195
219
174
176
173
136
156
156
198
240
240
322
322
322
282
282
404
410
364
364
364
324
324
532
453
453
479
479
505
531
474
452
496
540
462
413
413
439
439
465
428
406
450
392
373
373
399
399
382
360
322
333
333
336
291
293
290
253
273
260
284
286
294
312
312
364
361
378
378
378
338
338
434
437
444
450
404
404
404
364
364
504
513
491
510
522
522
470
476
430
430
430
390
390
406
406
448
490
532
430
430
474
518
402
381
423
465
507
549
429
407
451
495
539
362
341
383
425
467
383
361
405
449
322
301
343
385
337
315
359
282
261
303
291
269
242
221
245
200
202
199
162
182
182
224
266
266
348
348
348
308
308
430
436
390
390
390
350
350
512
524
524
472
478
432
432
432
392
392
644
535
535
561
561
587
613
639
562
540
584
628
672
574
495
495
521
521
547
573
516
494
538
582
504
455
455
481
481
507
470
448
492
434
415
415
441
441
424
402
364
375
375
378
333
335
332
295
315
302
326
328
336
354
354
406
403
420
420
420
380
380
476
479
486
492
446
446
446
406
406
546
555
533
552
564
564
512
518
472
472
472
432
432
616
631
609
653
618
636
636
680
578
590
590
538
544
498
498
498
458
458
476
476
518
560
602
644
506
506
550
594
638
468
447
489
531
573
615
657
501
479
523
567
611
655
428
407
449
491
533
575
455
433
477
521
565
388
367
409
451
493
409
387
431
475
348
327
369
411
363
341
385
308
287
329
317
295
268
247
271
226
228
225
188
208
208
250
292
292
374
374
374
334
334
456
462
416
416
416
376
376
538
550
550
498
504
458
458
458
418
418
620
638
638
682
580
592
592
540
546
500
500
500
460
460
756
617
617
643
643
669
695
721
747
650
628
672
716
760
804
686
577
577
603
603
629
655
681
604
582
626
670
714
616
537
537
563
563
589
615
558
536
580
624
546
497
497
523
523
549
512
490
534
476
457
457
483
483
466
444
406
417
417
420
375
377
374
337
357
344
368
370
378
396
396
448
445
462
462
462
422
422
518
521
528
534
488
488
488
448
448
588
597
575
594
606
606
554
560
514
514
514
474
474
658
673
651
695
660
678
678
722
620
632
632
580
586
540
540
540
500
500
728
749
727
771
815
726
750
750
794
838
686
704
704
748
646
658
658
606
612
566
566
566
526
526
546
546
588
630
672
714
756
582
582
626
670
714
758
534
513
555
597
639
681
723
765
573
551
595
639
683
727
771
494
473
515
557
599
641
683
527
505
549
593
637
681
454
433
475
517
559
601
481
459
503
547
591
414
393
435
477
519
435
413
457
501
374
353
395
437
389
367
411
334
313
355
343
321
294
273
297
252
254
251
214
234
234
276
318
318
400
400
400
360
360
482
488
442
442
442
402
402
564
576
576
524
530
484
484
484
444
444
646
664
664
708
606
618
618
566
572
526
526
526
486
486
728
752
752
796
840
688
706
706
750
648
660
660
608
614
568
568
568
528
528
868
699
699
725
725
751
777
803
829
855
738
716
760
804
848
892
936
798
659
659
685
685
711
737
763
789
692
670
714
758
802
846
728
619
619
645
645
671
697
723
646
624
668
712
756
658
579
579
605
605
631
657
600
578
622
666
588
539
539
565
565
591
554
532
576
518
499
499
525
525
508
486
448
459
459
462
417
419
416
379
399
386
410
412
420
438
438
490
487
504
504
504
464
464
560
563
570
576
530
530
530
490
490
630
639
617
636
648
648
596
602
556
556
556
516
516
700
715
693
737
702
720
720
764
662
674
674
622
628
582
582
582
542
542
770
791
769
813
857
768
792
792
836
880
728
746
746
790
688
700
700
648
654
608
608
608
568
568
840
867
845
889
933
977
834
864
864
908
952
996
794
818
818
862
906
754
772
772
816
714
726
726
674
680
634
634
634
594
594
616
616
658
700
742
784
826
868
658
658
702
746
790
834
878
600
579
621
663
705
747
789
831
873
645
623
667
711
755
799
843
887
560
539
581
623
665
707
749
791
599
577
621
665
709
753
797
520
499
541
583
625
667
709
553
531
575
619
663
707
480
459
501
543
585
627
507
485
529
573
617
440
419
461
503
545
461
439
483
527
400
379
421
463
415
393
437
360
339
381
369
347
320
299
323
278
280
277
240
260
260
302
344
344
426
426
426
386
386
508
514
468
468
468
428
428
590
602
602
550
556
510
510
510
470
470
672
690
690
734
632
644
644
592
598
552
552
552
512
512
754
778
778
822
866
714
732
732
776
674
686
686
634
640
594
594
594
554
554
836
866
866
910
954
998
796
820
820
864
908
756
774
774
818
716
728
728
676
682
636
636
636
596
596
980
781
781
807
807
833
859
885
911
937
963
826
804
848
892
936
980
1024
1068
910
741
741
767
767
793
819
845
871
897
780
758
802
846
890
934
978
840
701
701
727
727
753
779
805
831
734
712
756
800
844
888
770
661
661
687
687
713
739
765
688
666
710
754
798
700
621
621
647
647
673
699
642
620
664
708
630
581
581
607
607
633
596
574
618
560
541
541
567
567
550
528
490
501
501
504
459
461
458
421
441
428
452
454
462
480
480
532
529
546
546
546
506
506
602
605
612
618
572
572
572
532
532
672
681
659
678
690
690
638
644
598
598
598
558
558
742
757
735
779
744
762
762
806
704
716
716
664
670
624
624
624
584
584
812
833
811
855
899
810
834
834
878
922
770
788
788
832
730
742
742
690
696
650
650
650
610
610
882
909
887
931
975
1019
876
906
906
950
994
1038
836
860
860
904
948
796
814
814
858
756
768
768
716
722
676
676
676
636
636
952
985
963
1007
1051
1095
1139
942
978
978
1022
1066
1110
1154
902
932
932
976
1020
1064
862
886
886
930
974
822
840
840
884
782
794
794
742
748
702
702
702
662
662
686
686
728
770
812
854
896
938
980
734
734
778
822
866
910
954
998
666
645
687
729
771
813
855
897
939
981
717
695
739
783
827
871
915
959
1003
626
605
647
689
731
773
815
857
899
671
649
693
737
781
825
869
913
586
565
607
649
691
733
775
817
625
603
647
691
735
779
823
546
525
567
609
651
693
735
579
557
601
645
689
733
506
485
527
569
611
653
533
511
555
599
643
466
445
487
529
571
487
465
509
553
426
405
447
489
441
419
463
386
365
407
395
373
346
325
349
304
306
303
266
286
286
328
370
370
452
452
452
412
412
534
540
494
494
494
454
454
616
628
628
576
582
536
536
536
496
496
698
716
716
760
658
670
670
618
624
578
578
578
538
538
780
804
804
848
892
740
758
758
802
700
712
712
660
666
620
620
620
580
580
862
892
892
936
980
1024
822
846
846
890
934
782
800
800
844
742
754
754
702
708
662
662
662
622
622
944
980
980
1024
1068
1112
1156
904
934
934
978
1022
1066
864
888
888
932
976
824
842
842
886
784
796
796
744
750
704
704
704
664
664
1092
863
863
889
889
915
941
967
993
1019
1045
1071
914
892
936
980
1024
1068
1112
1156
1200
1022
823
823
849
849
875
901
927
953
979
1005
868
846
890
934
978
1022
1066
1110
952
783
783
809
809
835
861
887
913
939
822
800
844
888
932
976
1020
882
743
743
769
769
795
821
847
873
776
754
798
842
886
930
812
703
703
729
729
755
781
807
730
708
752
796
840
742
663
663
689
689
715
741
684
662
706
750
672
623
623
649
649
675
638
616
660
602
583
583
609
609
592
570
532
543
543
546
501
503
500
463
483
470
494
496
504
522
522
574
571
588
588
588
548
548
644
647
654
660
614
614
614
574
574
714
723
701
720
732
732
680
686
640
640
640
600
600
784
799
777
821
786
804
804
848
746
758
758
706
712
666
666
666
626
626
854
875
853
897
941
852
876
876
920
964
812
830
830
874
772
784
784
732
738
692
692
692
652
652
924
951
929
973
1017
1061
918
948
948
992
1036
1080
878
902
902
946
990
838
856
856
900
798
810
810
758
764
718
718
718
678
678
994
1027
1005
1049
1093
1137
1181
984
1020
1020
1064
1108
1152
1196
944
974
974
1018
1062
1106
904
928
928
972
1016
864
882
882
926
824
836
836
784
790
744
744
744
704
704
1064
1103
1081
1125
1169
1213
1257
1301
1050
1092
1092
1136
1180
1224
1268
1312
1010
1046
1046
1090
1134
1178
1222
970
1000
1000
1044
1088
1132
930
954
954
998
1042
890
908
908
952
850
862
862
810
816
770
770
770
730
730
756
756
798
840
882
924
966
1008
1050
1092
810
810
854
898
942
986
1030
1074
1118
732
711
753
795
837
879
921
963
1005
1047
1089
789
767
811
855
899
943
987
1031
1075
1119
692
671
713
755
797
839
881
923
965
1007
743
721
765
809
853
897
941
985
1029
652
631
673
715
757
799
841
883
925
697
675
719
763
807
851
895
939
612
591
633
675
717
759
801
843
651
629
673
717
761
805
849
572
551
593
635
677
719
761
605
583
627
671
715
759
532
511
553
595
637
679
559
537
581
625
669
492
471
513
555
597
513
491
535
579
452
431
473
515
467
445
489
412
391
433
421
399
372
351
375
330
332
329
292
312
312
354
396
396
478
478
478
438
438
560
566
520
520
520
480
480
642
654
654
602
608
562
562
562
522
522
724
742
742
786
684
696
696
644
650
604
604
604
564
564
806
830
830
874
918
766
784
784
828
726
738
738
686
692
646
646
646
606
606
888
918
918
962
1006
1050
848
872
872
916
960
808
826
826
870
768
780
780
728
734
688
688
688
648
648
970
1006
1006
1050
1094
1138
1182
930
960
960
1004
1048
1092
890
914
914
958
1002
850
868
868
912
810
822
822
770
776
730
730
730
690
690
1052
1094
1094
1138
1182
1226
1270
1314
1012
1048
1048
1092
1136
1180
1224
972
1002
1002
1046
1090
1134
932
956
956
1000
1044
892
910
910
954
852
864
864
812
818
772
772
772
732
732
1204
945
945
971
971
997
1023
1049
1075
1101
1127
1153
1179
1002
980
1024
1068
1112
1156
1200
1244
1288
1332
1134
905
905
931
931
957
983
1009
1035
1061
1087
1113
956
934
978
1022
1066
1110
1154
1198
1242
1064
865
865
891
891
917
943
969
995
1021
1047
910
888
932
976
1020
1064
1108
1152
994
825
825
851
851
877
903
929
955
981
864
842
886
930
974
1018
1062
924
785
785
811
811
837
863
889
915
818
796
840
884
928
972
854
745
745
771
771
797
823
849
772
750
794
838
882
784
705
705
731
731
757
783
726
704
748
792
714
665
665
691
691
717
680
658
702
644
625
625
651
651
634
612
574
585
585
588
543
545
542
505
525
512
536
538
546
564
564
616
613
630
630
630
590
590
686
689
696
702
656
656
656
616
616
756
765
743
762
774
774
722
728
682
682
682
642
642
826
841
819
863
828
846
846
890
788
800
800
748
754
708
708
708
668
668
896
917
895
939
983
894
918
918
962
1006
854
872
872
916
814
826
826
774
780
734
734
734
694
694
966
993
971
1015
1059
1103
960
990
990
1034
1078
1122
920
944
944
988
1032
880
898
898
942
840
852
852
800
806
760
760
760
720
720
1036
1069
1047
1091
1135
1179
1223
1026
1062
1062
1106
1150
1194
1238
986
1016
1016
1060
1104
1148
946
970
970
1014
1058
906
924
924
968
866
878
878
826
832
786
786
786
746
746
1106
1145
1123
1167
1211
1255
1299
1343
1092
1134
1134
1178
1222
1266
1310
1354
1052
1088
1088
1132
1176
1220
1264
1012
1042
1042
1086
1130
1174
972
996
996
1040
1084
932
950
950
994
892
904
904
852
858
812
812
812
772
772
1176
1221
1199
1243
1287
1331
1375
1419
1463
1158
1206
1206
1250
1294
1338
1382
1426
1470
1118
1160
1160
1204
1248
1292
1336
1380
1078
1114
1114
1158
1202
1246
1290
1038
1068
1068
1112
1156
1200
998
1022
1022
1066
1110
958
976
976
1020
918
930
930
878
884
838
838
838
798
798
826
826
868
910
952
994
1036
1078
1120
1162
1204
886
886
930
974
1018
1062
1106
1150
1194
1238
798
777
819
861
903
945
987
1029
1071
1113
1155
1197
861
839
883
927
971
1015
1059
1103
1147
1191
1235
758
737
779
821
863
905
947
989
1031
1073
1115
815
793
837
881
925
969
1013
1057
1101
1145
718
697
739
781
823
865
907
949
991
1033
769
747
791
835
879
923
967
1011
1055
678
657
699
741
783
825
867
909
951
723
701
745
789
833
877
921
965
638
617
659
701
743
785
827
869
677
655
699
743
787
831
875
598
577
619
661
703
745
787
631
609
653
697
741
785
558
537
579
621
663
705
585
563
607
651
695
518
497
539
581
623
539
517
561
605
478
457
499
541
493
471
515
438
417
459
447
425
398
377
401
356
358
355
318
338
338
380
422
422
504
504
504
464
464
586
592
546
546
546
506
506
668
680
680
628
634
588
588
588
548
548
750
768
768
812
710
722
722
670
676
630
630
630
590
590
832
856
856
900
944
792
810
810
854
752
764
764
712
718
672
672
672
632
632
914
944
944
988
1032
1076
874
898
898
942
986
834
852
852
896
794
806
806
754
760
714
714
714
674
674
996
1032
1032
1076
1120
1164
1208
956
986
986
1030
1074
1118
916
940
940
984
1028
876
894
894
938
836
848
848
796
802
756
756
756
716
716
1078
1120
1120
1164
1208
1252
1296
1340
1038
1074
1074
1118
1162
1206
1250
998
1028
1028
1072
1116
1160
958
982
982
1026
1070
918
936
936
980
878
890
890
838
844
798
798
798
758
758
1160
1208
1208
1252
1296
1340
1384
1428
1472
1120
1162
1162
1206
1250
1294
1338
1382
1080
1116
1116
1160
1204
1248
1292
1040
1070
1070
1114
1158
1202
1000
1024
1024
1068
1112
960
978
978
1022
920
932
932
880
886
840
840
840
800
800
1316
1027
1027
1053
1053
1079
1105
1131
1157
1183
1209
1235
1261
1287
1090
1068
1112
1156
1200
1244
1288
1332
1376
1420
1464
1246
987
987
1013
1013
1039
1065
1091
1117
1143
1169
1195
1221
1044
1022
1066
1110
1154
1198
1242
1286
1330
1374
1176
947
947
973
973
999
1025
1051
1077
1103
1129
1155
998
976
1020
1064
1108
1152
1196
1240
1284
1106
907
907
933
933
959
985
1011
1037
1063
1089
952
930
974
1018
1062
1106
1150
1194
1036
867
867
893
893
919
945
971
997
1023
906
884
928
972
1016
1060
1104
966
827
827
853
853
879
905
931
957
860
838
882
926
970
1014
896
787
787
813
813
839
865
891
814
792
836
880
924
826
747
747
773
773
799
825
768
746
790
834
756
707
707
733
733
759
722
700
744
686
667
667
693
693
676
654
616
627
627
630
585
587
584
547
567
554
578
580
588
606
606
658
655
672
672
672
632
632
728
731
738
744
698
698
698
658
658
798
807
785
804
816
816
764
770
724
724
724
684
684
868
883
861
905
870
888
888
932
830
842
842
790
796
750
750
750
710
710
938
959
937
981
1025
936
960
960
1004
1048
896
914
914
958
856
868
868
816
822
776
776
776
736
736
1008
1035
1013
1057
1101
1145
1002
1032
1032
1076
1120
1164
962
986
986
1030
1074
922
940
940
984
882
894
894
842
848
802
802
802
762
762
1078
1111
1089
1133
1177
1221
1265
1068
1104
1104
1148
1192
1236
1280
1028
1058
1058
1102
1146
1190
988
1012
1012
1056
1100
948
966
966
1010
908
920
920
868
874
828
828
828
788
788
1148
1187
1165
1209
1253
1297
1341
1385
1134
1176
1176
1220
1264
1308
1352
1396
1094
1130
1130
1174
1218
1262
1306
1054
1084
1084
1128
1172
1216
1014
1038
1038
1082
1126
974
992
992
1036
934
946
946
894
900
854
854
854
814
814
1218
1263
1241
1285
1329
1373
1417
1461
1505
1200
1248
1248
1292
1336
1380
1424
1468
1512
1160
1202
1202
1246
1290
1334
1378
1422
1120
1156
1156
1200
1244
1288
1332
1080
1110
1110
1154
1198
1242
1040
1064
1064
1108
1152
1000
1018
1018
1062
960
972
972
920
926
880
880
880
840
840
1288
1339
1317
1361
1405
1449
1493
1537
1581
1625
1266
1320
1320
1364
1408
1452
1496
1540
1584
1628
1226
1274
1274
1318
1362
1406
1450
1494
1538
1186
1228
1228
1272
1316
1360
1404
1448
1146
1182
1182
1226
1270
1314
1358
1106
1136
1136
1180
1224
1268
1066
1090
1090
1134
1178
1026
1044
1044
1088
986
998
998
946
952
906
906
906
866
866
896
896
938
980
1022
1064
1106
1148
1190
1232
1274
1316
962
962
1006
1050
1094
1138
1182
1226
1270
1314
1358
864
843
885
927
969
1011
1053
1095
1137
1179
1221
1263
1305
933
911
955
999
1043
1087
1131
1175
1219
1263
1307
1351
824
803
845
887
929
971
1013
1055
1097
1139
1181
1223
887
865
909
953
997
1041
1085
1129
1173
1217
1261
784
763
805
847
889
931
973
1015
1057
1099
1141
841
819
863
907
951
995
1039
1083
1127
1171
744
723
765
807
849
891
933
975
1017
1059
795
773
817
861
905
949
993
1037
1081
704
683
725
767
809
851
893
935
977
749
727
771
815
859
903
947
991
664
643
685
727
769
811
853
895
703
681
725
769
813
857
901
624
603
645
687
729
771
813
657
635
679
723
767
811
584
563
605
647
689
731
611
589
633
677
721
544
523
565
607
649
565
543
587
631
504
483
525
567
519
497
541
464
443
485
473
451
424
403
427
382
384
381
344
364
364
406
448
448
530
530
530
490
490
612
618
572
572
572
532
532
694
706
706
654
660
614
614
614
574
574
776
794
794
838
736
748
748
696
702
656
656
656
616
616
858
882
882
926
970
818
836
836
880
778
790
790
738
744
698
698
698
658
658
940
970
970
1014
1058
1102
900
924
924
968
1012
860
878
878
922
820
832
832
780
786
740
740
740
700
700
1022
1058
1058
1102
1146
1190
1234
982
1012
1012
1056
1100
1144
942
966
966
1010
1054
902
920
920
964
862
874
874
822
828
782
782
782
742
742
1104
1146
1146
1190
1234
1278
1322
1366
1064
1100
1100
1144
1188
1232
1276
1024
1054
1054
1098
1142
1186
984
1008
1008
1052
1096
944
962
962
1006
904
916
916
864
870
824
824
824
784
784
1186
1234
1234
1278
1322
1366
1410
1454
1498
1146
1188
1188
1232
1276
1320
1364
1408
1106
1142
1142
1186
1230
1274
1318
1066
1096
1096
1140
1184
1228
1026
1050
1050
1094
1138
986
1004
1004
1048
946
958
958
906
912
866
866
866
826
826
1268
1322
1322
1366
1410
1454
1498
1542
1586
1630
1228
1276
1276
1320
1364
1408
1452
1496
1540
1188
1230
1230
1274
1318
1362
1406
1450
1148
1184
1184
1228
1272
1316
1360
1108
1138
1138
1182
1226
1270
1068
1092
1092
1136
1180
1028
1046
1046
1090
988
1000
1000
948
954
908
908
908
868
868
1630
